<?xml version="1.0" encoding="UTF-8"?>
<!-- Generated by org.testng.reporters.JUnitReportReporter -->
<testsuite hostname="selvi" failures="0" tests="2" name="testCase.TC001_AccountRegistration" time="4.432" errors="0" timestamp="2024-10-02T15:37:47 IST" skipped="0">
  <testcase classname="testCase.TC001_AccountRegistration" name="verify_Account_Reg" time="3.177"/>
  <testcase classname="testCase.TC001_AccountRegistration" name="verify_login" time="1.255"/>
</testsuite> <!-- testCase.TC001_AccountRegistration -->
