<?xml version="1.0" encoding="UTF-8"?>
<!-- Generated by org.testng.reporters.JUnitReportReporter -->
<testsuite hostname="selvi" failures="0" tests="1" name="testCase.TC003_LoginTest" time="1.329" errors="0" timestamp="2024-10-05T15:07:27 IST" skipped="0">
  <testcase classname="testCase.TC003_LoginTest" name="verify_Login" time="1.329"/>
</testsuite> <!-- testCase.TC003_LoginTest -->
