<?xml version="1.0" encoding="UTF-8"?>
<!-- Generated by org.testng.reporters.JUnitReportReporter -->
<testsuite hostname="selvi" failures="0" tests="1" name="testCase.TC002_ForgetPassword" time="2.618" errors="0" timestamp="2024-10-02T14:58:46 IST" skipped="0">
  <testcase classname="testCase.TC002_ForgetPassword" name="verify_Forget_pwd" time="2.618"/>
</testsuite> <!-- testCase.TC002_ForgetPassword -->
